[2026-05-27 09:34:38] ========== bg_manager 启动 PID=22768 ==========
[2026-05-27 09:34:38] 等待 20 秒让系统稳定...
[2026-05-27 09:34:58] 开始工作...
[2026-05-27 09:34:58] 加载配置...
[2026-05-27 09:35:02] 配置加载完成: BASE=60s STEP=15s 共3个App
[2026-05-27 09:35:02] 灭屏监听 PID=25226
[2026-05-27 09:35:02] logcat 监听启动
[2026-05-27 09:35:02] logcat 监听 PID=25236
[2026-05-27 09:35:02] 主定时循环启动
[2026-05-27 09:35:02] [com.tencent.mm] 进程启动，5秒后检查
[2026-05-27 09:35:02] 下次检查 60s 后
[2026-05-27 09:35:02] [com.tencent.mm] 进程启动，5秒后检查
[2026-05-27 09:35:02] [com.tencent.mm] 进程启动，5秒后检查
[2026-05-27 09:36:02] 执行热重载
[2026-05-27 09:36:02] 加载配置...
[2026-05-27 09:36:06] 配置加载完成: BASE=60s STEP=15s 共3个App
[2026-05-27 09:36:06] 执行重新扫描
[2026-05-27 09:36:07] 加载配置...
[2026-05-27 09:36:11] 配置加载完成: BASE=60s STEP=15s 共3个App
[2026-05-27 09:36:11] 本轮: 检查3个，处理1个
[2026-05-27 09:36:11] 下次检查 111s 后
[2026-05-27 09:38:02] 本轮: 检查3个，处理3个
[2026-05-27 09:38:03] 下次检查 10s 后
[2026-05-27 09:38:13] 本轮: 检查3个，处理3个
[2026-05-27 09:38:13] 下次检查 10s 后
[2026-05-27 09:38:24] 本轮: 检查3个，处理3个
[2026-05-27 09:38:24] 下次检查 10s 后
[2026-05-27 09:38:34] 退出，清理子进程...
[2026-05-27 09:38:34] ========== bg_manager 退出 ==========
[2026-05-27 09:38:34] ========== bg_manager 启动 PID=924 ==========
[2026-05-27 09:38:34] 等待 20 秒让系统稳定...
[2026-05-27 09:38:54] 开始工作...
[2026-05-27 09:38:54] 加载配置...
[2026-05-27 09:39:01] 配置加载完成: BASE=60s STEP=15s 共3个App
[2026-05-27 09:39:01] 灭屏监听 PID=4943
[2026-05-27 09:39:01] logcat 监听启动
[2026-05-27 09:39:01] logcat 监听 PID=4952
[2026-05-27 09:39:01] 主定时循环启动
[2026-05-27 09:39:01] [com.tencent.mm] 进程启动，5秒后检查
[2026-05-27 09:39:01] [com.tencent.mm] 进程启动，5秒后检查
[2026-05-27 09:39:01] 本轮: 检查3个，处理3个
[2026-05-27 09:39:01] 下次检查 10s 后
[2026-05-27 09:39:12] 本轮: 检查3个，处理3个
[2026-05-27 09:39:12] 下次检查 10s 后
[2026-05-27 09:39:23] 本轮: 检查3个，处理3个
[2026-05-27 09:39:23] 下次检查 10s 后
[2026-05-27 09:39:33] 本轮: 检查3个，处理3个
[2026-05-27 09:39:34] 下次检查 10s 后
[2026-05-27 09:39:44] 本轮: 检查3个，处理3个
[2026-05-27 09:39:44] 下次检查 10s 后
[2026-05-27 09:39:55] 本轮: 检查3个，处理3个
[2026-05-27 09:39:55] 下次检查 10s 后
[2026-05-27 09:41:14] [com.njh.biubiu] 进程启动，5秒后检查
[2026-05-27 09:41:14] logcat 断开，5s 后重试
[2026-05-27 09:41:15] TRIM [com.njh.biubiu] 子进程: 7678
[2026-05-27 09:41:16] 本轮: 检查3个，处理3个
[2026-05-27 09:41:16] 下次检查 10s 后
[2026-05-27 09:41:19] logcat 监听启动
[2026-05-27 09:41:19] [com.tencent.mm] 进程启动，5秒后检查
[2026-05-27 09:41:19] [com.tencent.mm] 进程启动，5秒后检查
[2026-05-27 09:41:19] [com.njh.biubiu] 进程启动，5秒后检查
[2026-05-27 09:41:19] [com.njh.biubiu] 进程启动，5秒后检查
[2026-05-27 09:41:19] [com.njh.biubiu] 进程启动，5秒后检查
[2026-05-27 09:41:26] 本轮: 检查3个，处理2个
[2026-05-27 09:41:26] 下次检查 10s 后
[2026-05-27 09:41:37] 本轮: 检查3个，处理2个
[2026-05-27 09:41:37] 下次检查 10s 后
[2026-05-27 09:41:47] 本轮: 检查3个，处理2个
[2026-05-27 09:41:48] 下次检查 10s 后
[2026-05-27 09:41:58] 本轮: 检查3个，处理2个
[2026-05-27 09:41:58] 下次检查 10s 后
[2026-05-27 09:42:09] 本轮: 检查3个，处理2个
[2026-05-27 09:42:09] 下次检查 10s 后
[2026-05-27 09:42:20] 本轮: 检查3个，处理2个
[2026-05-27 09:42:20] 下次检查 10s 后
[2026-05-27 09:42:31] 本轮: 检查3个，处理3个
[2026-05-27 09:42:31] 下次检查 10s 后
[2026-05-27 09:42:42] 本轮: 检查3个，处理2个
[2026-05-27 09:42:42] 下次检查 10s 后
[2026-05-27 09:42:52] 本轮: 检查3个，处理2个
[2026-05-27 09:42:53] 下次检查 10s 后
[2026-05-27 09:43:03] 本轮: 检查3个，处理2个
[2026-05-27 09:43:04] 下次检查 10s 后
[2026-05-27 09:43:14] 本轮: 检查3个，处理2个
[2026-05-27 09:43:14] 下次检查 10s 后
[2026-05-27 09:43:25] 本轮: 检查3个，处理2个
[2026-05-27 09:43:25] 下次检查 10s 后
[2026-05-27 09:43:36] 本轮: 检查3个，处理3个
[2026-05-27 09:43:36] 下次检查 10s 后
[2026-05-27 09:43:47] 本轮: 检查3个，处理2个
[2026-05-27 09:43:47] 下次检查 10s 后
[2026-05-27 09:43:58] 本轮: 检查3个，处理2个
[2026-05-27 09:43:58] 下次检查 10s 后
[2026-05-27 09:44:09] 本轮: 检查3个，处理2个
[2026-05-27 09:44:09] 下次检查 10s 后
[2026-05-27 09:44:19] 本轮: 检查3个，处理2个
[2026-05-27 09:44:20] 下次检查 10s 后
[2026-05-27 09:44:30] 本轮: 检查3个，处理2个
[2026-05-27 09:44:31] 下次检查 10s 后
[2026-05-27 09:44:42] 本轮: 检查3个，处理3个
[2026-05-27 09:44:42] 下次检查 10s 后
[2026-05-27 09:44:53] 本轮: 检查3个，处理2个
[2026-05-27 09:44:53] 下次检查 10s 后
[2026-05-27 09:45:04] 本轮: 检查3个，处理2个
[2026-05-27 09:45:05] 下次检查 10s 后
[2026-05-27 09:45:15] 本轮: 检查3个，处理2个
[2026-05-27 09:45:16] 下次检查 10s 后
[2026-05-27 09:45:26] 本轮: 检查3个，处理2个
[2026-05-27 09:45:27] 下次检查 10s 后
[2026-05-27 09:45:37] 本轮: 检查3个，处理2个
[2026-05-27 09:45:38] 下次检查 10s 后
[2026-05-27 09:47:18] logcat 断开，10s 后重试
[2026-05-27 09:47:18] 本轮: 检查3个，处理3个
[2026-05-27 09:47:19] 下次检查 10s 后
[2026-05-27 09:47:28] logcat 监听启动
[2026-05-27 09:47:28] [com.tencent.mm] 进程启动，5秒后检查
[2026-05-27 09:47:28] [com.njh.biubiu] 进程启动，5秒后检查
[2026-05-27 09:47:28] [com.njh.biubiu] 进程启动，5秒后检查
[2026-05-27 09:47:28] [com.njh.biubiu] 进程启动，5秒后检查
[2026-05-27 09:47:29] 本轮: 检查3个，处理2个
[2026-05-27 09:47:29] 下次检查 10s 后
[2026-05-27 09:47:40] 本轮: 检查3个，处理2个
[2026-05-27 09:47:41] 下次检查 10s 后
[2026-05-27 09:47:51] 本轮: 检查3个，处理2个
[2026-05-27 09:47:51] 下次检查 10s 后
[2026-05-27 09:48:38] logcat 断开，20s 后重试
[2026-05-27 09:48:39] 本轮: 检查3个，处理3个
[2026-05-27 09:48:39] 下次检查 10s 后
[2026-05-27 09:48:50] 本轮: 检查3个，处理2个
[2026-05-27 09:48:50] 下次检查 10s 后
[2026-05-27 09:57:55] logcat 监听启动
[2026-05-27 09:57:55] [com.njh.biubiu] 进程启动，5秒后检查
[2026-05-27 09:57:55] [com.njh.biubiu] 进程启动，5秒后检查
[2026-05-27 09:57:56] [com.njh.biubiu] 进程启动，5秒后检查
[2026-05-27 09:57:56] [com.tencent.mm] 进程启动，5秒后检查
[2026-05-27 09:57:56] 本轮: 检查3个，处理3个
[2026-05-27 09:57:56] 下次检查 10s 后
[2026-05-27 09:58:07] 本轮: 检查3个，处理2个
[2026-05-27 09:58:07] 下次检查 10s 后
[2026-05-27 09:58:18] 本轮: 检查3个，处理2个
[2026-05-27 09:58:18] 下次检查 10s 后
[2026-05-27 10:02:02] logcat 断开，40s 后重试
[2026-05-27 10:02:03] 本轮: 检查3个，处理3个
[2026-05-27 10:02:03] 下次检查 10s 后
[2026-05-27 10:02:42] logcat 监听启动
[2026-05-27 10:02:42] [com.tencent.mm] 进程启动，5秒后检查
[2026-05-27 10:02:43] [com.tencent.mm] 进程启动，5秒后检查
[2026-05-27 10:05:39] logcat 断开，80s 后重试
