[2026-05-27 10:58:31] 下次检查 10s 后
[2026-05-27 10:58:41] 本轮: 检查4个，处理3个
[2026-05-27 10:58:42] 下次检查 10s 后
[2026-05-27 10:58:52] 本轮: 检查4个，处理3个
[2026-05-27 10:58:52] 下次检查 10s 后
[2026-05-27 10:59:01] [com.tencent.mm] 进程启动，5秒后检查
[2026-05-27 10:59:01] [com.tencent.mm] 进程启动，5秒后检查
[2026-05-27 10:59:03] 本轮: 检查4个，处理3个
[2026-05-27 10:59:03] 下次检查 10s 后
[2026-05-27 10:59:14] 本轮: 检查4个，处理3个
[2026-05-27 10:59:14] 下次检查 10s 后
[2026-05-27 10:59:25] 本轮: 检查4个，处理4个
[2026-05-27 10:59:25] 下次检查 10s 后
[2026-05-27 10:59:36] 本轮: 检查4个，处理4个
[2026-05-27 10:59:36] 下次检查 10s 后
[2026-05-27 10:59:47] 本轮: 检查4个，处理4个
[2026-05-27 10:59:47] 下次检查 10s 后
[2026-05-27 10:59:58] 本轮: 检查4个，处理4个
[2026-05-27 10:59:58] 下次检查 10s 后
[2026-05-27 11:00:03] [com.tencent.mm] 进程启动，5秒后检查
[2026-05-27 11:00:03] [com.tencent.mm] 进程启动，5秒后检查
[2026-05-27 11:00:09] 本轮: 检查4个，处理4个
[2026-05-27 11:00:09] 下次检查 10s 后
[2026-05-27 11:00:20] 本轮: 检查4个，处理4个
[2026-05-27 11:00:20] 下次检查 10s 后
[2026-05-27 11:00:32] 本轮: 检查4个，处理4个
[2026-05-27 11:00:32] 下次检查 10s 后
[2026-05-27 11:00:43] 本轮: 检查4个，处理4个
[2026-05-27 11:00:43] 下次检查 10s 后
[2026-05-27 11:00:54] 本轮: 检查4个，处理4个
[2026-05-27 11:00:54] 下次检查 10s 后
[2026-05-27 11:01:05] 本轮: 检查4个，处理4个
[2026-05-27 11:01:05] 下次检查 10s 后
[2026-05-27 11:01:16] 本轮: 检查4个，处理4个
[2026-05-27 11:01:16] 下次检查 10s 后
[2026-05-27 11:01:27] 本轮: 检查4个，处理4个
[2026-05-27 11:01:27] 下次检查 10s 后
[2026-05-27 11:01:38] 本轮: 检查4个，处理4个
[2026-05-27 11:01:38] 下次检查 10s 后
[2026-05-27 11:01:50] 本轮: 检查4个，处理4个
[2026-05-27 11:01:50] 下次检查 10s 后
[2026-05-27 11:02:01] 本轮: 检查4个，处理4个
[2026-05-27 11:02:01] 下次检查 10s 后
[2026-05-27 11:02:12] 本轮: 检查4个，处理4个
[2026-05-27 11:02:12] 下次检查 10s 后
[2026-05-27 11:02:16] 屏幕熄灭，立即检查
[2026-05-27 11:02:17] 屏幕熄灭，立即检查
[2026-05-27 11:02:18] 本轮: 检查4个，处理4个
[2026-05-27 11:02:18] KILL [com.luna.music]
[2026-05-27 11:02:18] 本轮: 检查4个，处理4个
[2026-05-27 11:02:22] 本轮: 检查4个，处理3个
[2026-05-27 11:02:39] 本轮: 检查4个，处理3个
[2026-05-27 11:02:40] 本轮: 检查4个，处理3个
[2026-05-27 11:02:40] 下次检查 10s 后
[2026-05-27 11:02:51] 本轮: 检查4个，处理3个
[2026-05-27 11:02:51] 下次检查 10s 后
[2026-05-27 11:03:02] 本轮: 检查4个，处理3个
[2026-05-27 11:03:02] 下次检查 10s 后
[2026-05-27 11:03:12] 本轮: 检查4个，处理3个
[2026-05-27 11:03:13] 下次检查 10s 后
[2026-05-27 11:03:16] [com.luna.music] 进程启动，5秒后检查
[2026-05-27 11:03:16] [com.luna.music] 进程启动，5秒后检查
[2026-05-27 11:03:20] 前台切换到 [com.luna.music]，重置计时器
[2026-05-27 11:03:20] 前台切换到 [com.luna.music]，重置计时器
[2026-05-27 11:03:24] 本轮: 检查4个，处理3个
[2026-05-27 11:03:24] 下次检查 10s 后
[2026-05-27 11:03:25] 屏幕熄灭，立即检查
[2026-05-27 11:03:26] 本轮: 检查4个，处理3个
[2026-05-27 11:03:26] 屏幕熄灭，立即检查
[2026-05-27 11:03:27] 本轮: 检查4个，处理3个
[2026-05-27 11:03:29] 本轮: 检查4个，处理3个
[2026-05-27 11:03:30] 本轮: 检查4个，处理3个
[2026-05-27 11:03:35] 本轮: 检查4个，处理3个
[2026-05-27 11:03:35] 下次检查 10s 后
[2026-05-27 11:03:45] 执行热重载
[2026-05-27 11:03:45] 加载配置...
[2026-05-27 11:05:37] logcat 断开，10s 后重试
[2026-05-27 11:05:37] logcat 断开，5s 后重试
[2026-05-27 11:05:40] 配置加载完成: BASE=60s STEP=15s 共4个App
[2026-05-27 11:05:41] TRIM [com.tencent.mm] 子进程: 32010
[2026-05-27 11:05:41] [com.luna.music] M模式有音频焦点，跳过并刷新计时
[2026-05-27 11:05:41] 本轮: 检查4个，处理4个
[2026-05-27 11:05:42] 下次检查 60s 后
[2026-05-27 11:05:42] logcat 监听启动
[2026-05-27 11:05:42] [com.luna.music] 进程启动，5秒后检查
[2026-05-27 11:05:42] [com.luna.music] 进程启动，5秒后检查
[2026-05-27 11:05:42] [com.tencent.mm] 进程启动，5秒后检查
[2026-05-27 11:05:42] [com.tencent.mm] 进程启动，5秒后检查
[2026-05-27 11:05:42] [com.luna.music] 进程启动，5秒后检查
[2026-05-27 11:05:42] [com.tencent.mm] 进程启动，5秒后检查
[2026-05-27 11:05:47] logcat 监听启动
[2026-05-27 11:05:47] [com.luna.music] 进程启动，5秒后检查
[2026-05-27 11:05:47] [com.luna.music] 进程启动，5秒后检查
[2026-05-27 11:05:47] [com.tencent.mm] 进程启动，5秒后检查
[2026-05-27 11:05:47] [com.luna.music] M模式有音频焦点，跳过并刷新计时
[2026-05-27 11:05:47] [com.tencent.mm] 进程启动，5秒后检查
[2026-05-27 11:05:47] [com.luna.music] M模式有音频焦点，跳过并刷新计时
[2026-05-27 11:05:47] [com.luna.music] 进程启动，5秒后检查
[2026-05-27 11:05:47] [com.luna.music] M模式有音频焦点，跳过并刷新计时
[2026-05-27 11:05:47] [com.tencent.mm] 进程启动，5秒后检查
[2026-05-27 11:06:42] 本轮: 检查4个，处理2个
[2026-05-27 11:06:42] 下次检查 11s 后
[2026-05-27 11:06:53] [com.luna.music] M模式有音频焦点，跳过并刷新计时
[2026-05-27 11:06:53] 本轮: 检查4个，处理3个
[2026-05-27 11:06:54] 下次检查 60s 后
[2026-05-27 11:07:54] 本轮: 检查4个，处理3个
[2026-05-27 11:07:54] 下次检查 59s 后
[2026-05-27 11:09:11] logcat 断开，10s 后重试
[2026-05-27 11:09:11] logcat 断开，20s 后重试
[2026-05-27 11:09:12] 本轮: 检查4个，处理4个
[2026-05-27 11:09:12] 下次检查 60s 后
[2026-05-27 11:09:21] logcat 监听启动
[2026-05-27 11:09:21] [com.luna.music] 进程启动，5秒后检查
[2026-05-27 11:09:21] [com.luna.music] 进程启动，5秒后检查
[2026-05-27 11:09:21] [com.tencent.mm] 进程启动，5秒后检查
[2026-05-27 11:09:21] [com.tencent.mm] 进程启动，5秒后检查
[2026-05-27 11:09:21] [com.luna.music] 进程启动，5秒后检查
[2026-05-27 11:09:21] [com.tencent.mm] 进程启动，5秒后检查
[2026-05-27 11:09:31] logcat 监听启动
[2026-05-27 11:09:31] [com.luna.music] 进程启动，5秒后检查
[2026-05-27 11:09:31] [com.luna.music] 进程启动，5秒后检查
[2026-05-27 11:09:31] [com.tencent.mm] 进程启动，5秒后检查
[2026-05-27 11:09:31] [com.tencent.mm] 进程启动，5秒后检查
[2026-05-27 11:09:31] [com.luna.music] 进程启动，5秒后检查
[2026-05-27 11:09:32] [com.tencent.mm] 进程启动，5秒后检查
[2026-05-27 11:10:12] 执行热重载
[2026-05-27 11:10:12] 加载配置...
[2026-05-27 11:10:17] 配置加载完成: BASE=60s STEP=15s 共4个App
[2026-05-27 11:10:17] 本轮: 检查4个，处理2个
[2026-05-27 11:10:17] 下次检查 20s 后
[2026-05-27 11:10:38] 本轮: 检查4个，处理3个
[2026-05-27 11:10:38] 下次检查 60s 后
[2026-05-27 11:16:05] logcat 断开，40s 后重试
[2026-05-27 11:16:05] logcat 断开，20s 后重试
[2026-05-27 11:16:07] 本轮: 检查4个，处理4个
[2026-05-27 11:16:07] 下次检查 60s 后
[2026-05-27 11:16:26] logcat 监听启动
[2026-05-27 11:16:26] [com.tencent.mm] 进程启动，5秒后检查
[2026-05-27 11:16:46] logcat 监听启动
[2026-05-27 11:16:46] [com.tencent.mm] 进程启动，5秒后检查
[2026-05-27 11:17:07] 执行热重载
[2026-05-27 11:17:07] 加载配置...
[2026-05-27 11:17:13] 配置加载完成: BASE=60s STEP=15s 共4个App
[2026-05-27 11:17:13] 本轮: 检查4个，处理3个
[2026-05-27 11:17:14] 下次检查 60s 后
